0 info it worked if it ends with ok
1 verbose cli [ '/Users/richie/.nvm/v0.10.5/bin/node',
1 verbose cli   '/Users/richie/.nvm/v0.10.5/bin/npm',
1 verbose cli   'start' ]
2 info using npm@1.2.18
3 info using node@v0.10.5
4 verbose read json /Users/richie/git/adalden/package.json
5 verbose run-script [ 'prestart', 'start', 'poststart' ]
6 info prestart nko4-adalden@0.0.1
7 info start nko4-adalden@0.0.1
8 verbose unsafe-perm in lifecycle true
9 silly exec sh "-c" "node server.js"
10 silly sh,-c,node server.js,/Users/richie/git/adalden spawning
11 info nko4-adalden@0.0.1 Failed to exec start script
12 error nko4-adalden@0.0.1 start: `node server.js`
12 error `sh "-c" "node server.js"` failed with 8
13 error Failed at the nko4-adalden@0.0.1 start script.
13 error This is most likely a problem with the nko4-adalden package,
13 error not with npm itself.
13 error Tell the author that this fails on your system:
13 error     node server.js
13 error You can get their info via:
13 error     npm owner ls nko4-adalden
13 error There is likely additional logging output above.
14 error System Darwin 13.0.0
15 error command "/Users/richie/.nvm/v0.10.5/bin/node" "/Users/richie/.nvm/v0.10.5/bin/npm" "start"
16 error cwd /Users/richie/git/adalden
17 error node -v v0.10.5
18 error npm -v 1.2.18
19 error code ELIFECYCLE
20 verbose exit [ 1, true ]
